<?xml version="1.0" encoding="UTF-8"?>
<!-- Generated by org.testng.reporters.JUnitReportReporter -->
<testsuite skipped="0" hostname="DESKTOP-DF9ER86" name="com.base.Sample" tests="8" failures="0" timestamp="08 Feb 2023 06:25:15 GMT" time="20.477" errors="0">
  <testcase name="login" time="13.784" classname="com.base.Sample"/>
  <testcase name="stateList" time="0.894" classname="com.base.Sample"/>
  <testcase name="cityList" time="1.444" classname="com.base.Sample"/>
  <testcase name="addUserAddress" time="0.824" classname="com.base.Sample"/>
  <testcase name="updateUserAddress" time="0.900" classname="com.base.Sample"/>
  <testcase name="getUserAddress" time="0.899" classname="com.base.Sample"/>
  <testcase name="deleteUserAddress" time="0.873" classname="com.base.Sample"/>
  <testcase name="searchProduct" time="0.859" classname="com.base.Sample"/>
</testsuite> <!-- com.base.Sample -->
